FORM 4.1 (Oct 25 2013) 64-bits                   Run: Tue Apr  4 20:34:49 2017
    dim 3;
    sym n;
    *Ntensors
    Nfunction c,cp,t,d;
    Index i1,...,i100,j1,...,j200,k1,...,k100,l1,...,l100;
    Cfunctions C;
    
    Local F7  = d(1,2)^2;
    Local F8  = d(1,2)*d(2,3);
    Local F11a= d(1,2)*t(1,2,3);
    Local F11b= t(1,2,3)*d(1,2);
    Local F10a= d(1,2)*t(2,3,4);
    Local F10b= t(2,3,4)*d(1,2);
    Local F9  = t(1,2,3)^2;
    Local F12 = t(1,2,3)*t(1,2,4);
    Local F13 = t(1,2,3)*t(1,4,5);
    
    Local F14 = d(1,2)*d(2,3)*d(3,4);
    Local F15 = d(1,2)*d(3,4)*d(1,3)*d(2,4);
    
    * === —Ä–∞—Å–ø–∏—Å—ã–≤–∞–µ–º –Ω–∞—à–∏ —Ñ—É–Ω–∫—Ü–∏–∏ –≤ —Å–∏–≥–º–∞-–º–∞—Ç—Ä–∏—Ü—
    ã ===
    #do i = 1,50
      id once d(i1?,i2?) = c(i1,j`i')*c(i2,j`i');
    #enddo
    #do i = 50,199,3
      id once t(i1?,i2?,i3?) = c(i1,j`i')*c(i2,j{`i'+1})*c(i3,j{`i'+2})*e_(j`i',j{`i
    '+1},j{`i'+2});
    #enddo
    
    * === —Å–æ—Ä—Ç–∏—Ä–æ–≤–∫–∞ ===
    repeat;
      id 	c(i1?!{,j1},k1?)*
    	c(j1?!{i1,i2},k3?)*
    	c(i1?!{,j1},k2?)
    	= c(i1,k1)*c(i1,k2)*c(j1,k3);
    #do N=2,31
      id 	c(i1?!{j1,...,j`N'},k1?)*
    	<c(j1?!{i1,i2},l1?)>*...*<c(j`N'?!{i1,i2},l`N'?)>*
    	c(i1?!{j1,...,j`N'},k2?)
    	= c(i1,k1)*c(i1,k2)*<c(j1,l1)>*...*<c(j`N',l`N')>;
    #enddo
    endrepeat;
    
    * === —Ä–∞—Å–∫—Ä—ã—Ç–∏–µ ===
    #do i = 1,100
    	id once c(i1?,j1?)*c(i1?,j2?) = d_(j1,j2)+i_*c(i1,k`i')*e_(k`i',j1,j2);
    #enddo
    
    * === –∏ —Å–≤–µ—Ä—Ç–∫–∞ ===
    contract;
    contract;
    
    * === –∑–∞–º–µ–Ω—è–µ–º –Ω–∞ –∫–æ–º–º—É—Ç–∏—Ä—É—é—â–∏–µ ===
    id c(?name) = C(?name);
    
    * === –≤–æ–∑–≤—Ä–∞—â–∞–µ–º –∫ –∫—Ä–∞—Å–∏–≤–æ–º—É –≤–∏–¥—É ===
    id C(i1?,j1?)*C(i2?,j1?) = d(i1,i2);
    id C(i1?,j1?)*C(i2?,j2?)*C(i3?,j3?)*e_(j1?,j2?,j3?) = t(i1,i2,i3);
    	
    print +s;
    
    .end

Time =       0.01 sec    Generated terms =          2
              F7         Terms in output =          2
                         Bytes used      =         64

Time =       0.01 sec    Generated terms =          2
              F8         Terms in output =          2
                         Bytes used      =        116

Time =       0.01 sec    Generated terms =          3
            F11a         Terms in output =          3
                         Bytes used      =        164

Time =       0.01 sec    Generated terms =          3
            F11b         Terms in output =          3
                         Bytes used      =        164

Time =       0.01 sec    Generated terms =          3
            F10a         Terms in output =          3
                         Bytes used      =        212

Time =       0.01 sec    Generated terms =          3
            F10b         Terms in output =          3
                         Bytes used      =        212

Time =       0.01 sec    Generated terms =          6
              F9         Terms in output =          4
                         Bytes used      =        120

Time =       0.01 sec    Generated terms =          6
             F12         Terms in output =          5
                         Bytes used      =        284

Time =       0.01 sec    Generated terms =          4
             F13         Terms in output =          4
                         Bytes used      =        288

Time =       0.01 sec    Generated terms =          5
             F14         Terms in output =          5
                         Bytes used      =        264

Time =       0.01 sec    Generated terms =         14
             F15         Terms in output =         13
                         Bytes used      =        508

   F7 =
       + 3
       - 2*d(1,2)
      ;

   F8 =
       - t(1,2,3)*i_
       + d(1,3)
      ;

   F11a =
       - t(1,2,3)
       - 2*d(1,3)*i_
       + 2*d(2,3)*i_
      ;

   F11b =
       - t(1,2,3)
       + 2*d(1,3)*i_
       - 2*d(2,3)*i_
      ;

   F10a =
       + t(1,3,4)
       - d(1,3)*d(2,4)*i_
       + d(1,4)*d(2,3)*i_
      ;

   F10b =
       + t(1,3,4)
       + d(1,3)*d(2,4)*i_
       - d(1,4)*d(2,3)*i_
      ;

   F9 =
       + 6
       - 2*d(1,2)
       - 2*d(1,3)
       - 2*d(2,3)
      ;

   F12 =
       + t(1,3,4)*i_
       + t(2,3,4)*i_
       - d(1,3)*d(2,4)
       - d(1,4)*d(2,3)
       + 2*d(3,4)
      ;

   F13 =
       - d(1,2)*t(3,4,5)*i_
       + d(1,3)*t(2,4,5)*i_
       + d(2,4)*d(3,5)
       - d(2,5)*d(3,4)
      ;

   F14 =
       - t(1,2,4)*i_
       - t(1,3,4)*i_
       - d(1,3)*d(2,4)
       + d(1,4)
       + d(1,4)*d(2,3)
      ;

   F15 =
       + 3
       + t(1,2,3)*i_
       - t(1,2,4)*i_
       + t(1,3,4)*i_
       - t(2,3,4)*i_
       - 2*d(1,2)
       + d(1,2)*d(3,4)
       - 2*d(1,3)
       + d(1,3)*d(2,4)
       + 2*d(1,4)
       + 2*d(2,3)
       - 2*d(2,4)
       - 2*d(3,4)
      ;

  0.01 sec out of 0.02 sec
